# _ssu-align :: align SSU rRNA sequences
# SSU-ALIGN 0.1.1 (Feb 2016)
# Copyright (C) 2016 Howard Hughes Medical Institute
# Freely distributed under the BSD open source license.
# - - - - - - - - - - - - - - - - - - - - - - - - - - - - - - - - - - - -
# command: _ssu-align -f -n bacteria --dna --rfonly X90478.fasta sso_aln
# date:    Tue Dec 11 15:20:16 2018

Printing global hask key as read from ssu.pm:

Global hash key: DF_ALIMASK_PFRACT    value: 0.95
Global hash key: DF_ALIMASK_PTHRESH   value: 0.95
Global hash key: DF_CMALIGN_OPTS      value:  --no-null3 --sub 
Global hash key: DF_CMBUILD_GAPTHRESH value: 0.8
Global hash key: DF_CMSEARCH_ALG_FLAG value:  --viterbi
Global hash key: DF_CMSEARCH_OPTS     value:  --hmm-cW 1.5 --no-null3 --noalign 
Global hash key: DF_CMSEARCH_T        value: -1
Global hash key: DF_CM_FILE           value: /home/be68/anaconda3/share/ssu-align-0.1.1/ssu-align-0p1.cm
Global hash key: DF_MASK_FILE         value: /home/be68/anaconda3/share/ssu-align-0.1.1/ssu-align-0p1.mask
Global hash key: DF_MERGE_INIT_WAIT_SECS value: 3
Global hash key: DF_MINBIT            value: 50
Global hash key: DF_MINLEN            value: 1
Global hash key: DF_MXSIZE            value: 4096
Global hash key: DF_NO_NAME           value: <NONE>
Global hash key: DF_TEMPLATE_FILE     value: /home/be68/anaconda3/share/ssu-align-0.1.1/ssu-align-0p1.ps
Global hash key: VERSION              value: 0.1
Global hash key: VERSION_PSTR         value: 0p1
Global hash key: cmalign              value: ssu-cmalign
Global hash key: cmbuild              value: ssu-cmbuild
Global hash key: cmsearch             value: ssu-cmsearch
Global hash key: esl-alimanip         value: ssu-esl-alimanip
Global hash key: esl-alimask          value: ssu-esl-alimask
Global hash key: esl-alimerge         value: ssu-esl-alimerge
Global hash key: esl-alistat          value: ssu-esl-alistat
Global hash key: esl-reformat         value: ssu-esl-reformat
Global hash key: esl-seqstat          value: ssu-esl-seqstat
Global hash key: esl-sfetch           value: ssu-esl-sfetch
Global hash key: esl-ssdraw           value: ssu-esl-ssdraw
Global hash key: esl-weight           value: ssu-esl-weight
Global hash key: ps2pdf               value: ps2pdf
Global hash key: ssu-align            value: ssu-align
Global hash key: ssu-merge            value: ssu-merge

Executing:      ssu-esl-seqstat -h > /dev/null  2> sso_aln/ssutmp0erraa8568
Returned:       0
Output (STDOUT) sent to /dev/null.
Output (STDERR): ***NONE***

About to remove file (sso_aln/ssutmp0erraa8568) with perl's unlink function ... done.

Executing:      ssu-cmsearch -h > /dev/null  2> sso_aln/ssutmp1erraa8568
Returned:       0
Output (STDOUT) sent to /dev/null.
Output (STDERR): ***NONE***

About to remove file (sso_aln/ssutmp1erraa8568) with perl's unlink function ... done.

Executing:      ssu-esl-sfetch -h > /dev/null  2> sso_aln/ssutmp2erraa8568
Returned:       0
Output (STDOUT) sent to /dev/null.
Output (STDERR): ***NONE***

About to remove file (sso_aln/ssutmp2erraa8568) with perl's unlink function ... done.

Executing:      ssu-esl-reformat -h > /dev/null  2> sso_aln/ssutmp3erraa8568
Returned:       0
Output (STDOUT) sent to /dev/null.
Output (STDERR): ***NONE***

About to remove file (sso_aln/ssutmp3erraa8568) with perl's unlink function ... done.

Executing:      ssu-cmalign -h > /dev/null  2> sso_aln/ssutmp4erraa8568
Returned:       0
Output (STDOUT) sent to /dev/null.
Output (STDERR): ***NONE***

About to remove file (sso_aln/ssutmp4erraa8568) with perl's unlink function ... done.

Executing:      ssu-esl-seqstat --rna -a X90478.fasta > sso_aln/sso_aln.seqstat  2> sso_aln/ssutmp5erraa8568
Returned:       0
Output (STDOUT) saved in file sso_aln/sso_aln.seqstat.
Output (STDERR): ***NONE***

About to remove file (sso_aln/ssutmp5erraa8568) with perl's unlink function ... done.

About to remove file (sso_aln/sso_aln.seqstat) with perl's unlink function ... done.

Executing:      ssu-cmsearch --hmm-cW 1.5 --no-null3 --noalign --cm-name bacteria -T -1 --tab sso_aln/sso_aln.tab --viterbi /home/be68/anaconda3/share/ssu-align-0.1.1/ssu-align-0p1.cm X90478.fasta > sso_aln/sso_aln.cmsearch  2> sso_aln/ssutmp6erraa8568
Returned:       0
Output (STDOUT) saved in file sso_aln/sso_aln.cmsearch.
Output (STDERR): ***NONE***

About to remove file (sso_aln/ssutmp6erraa8568) with perl's unlink function ... done.

About to remove file (sso_aln/sso_aln.cmsearch) with perl's unlink function ... done.

Executing:      ssu-esl-sfetch --index X90478.fasta > sso_aln/ssutmp7outaa8568  2> sso_aln/ssutmp7erraa8568
Returned:       0
Output (STDOUT): 
Creating SSI index for X90478.fasta...    done.
Indexed 1 sequences (1 names).
SSI index written to file X90478.fasta.ssi

Output (STDERR): ***NONE***

About to remove file (sso_aln/ssutmp7outaa8568) with perl's unlink function ... done.

About to remove file (sso_aln/ssutmp7erraa8568) with perl's unlink function ... done.

Executing:      ssu-esl-sfetch -Cf X90478.fasta sso_aln/sso_aln.bacteria.sfetch | ssu-esl-reformat -o sso_aln/sso_aln.bacteria.fa --informat fasta -d fasta - > sso_aln/ssutmp8outaa8568  2> sso_aln/ssutmp8erraa8568
Returned:       0
Output (STDOUT): ***NONE***
Output (STDERR): ***NONE***

About to remove file (sso_aln/ssutmp8outaa8568) with perl's unlink function ... done.

About to remove file (sso_aln/ssutmp8erraa8568) with perl's unlink function ... done.

About to remove file (sso_aln/sso_aln.bacteria.sfetch) with perl's unlink function ... done.

Executing:      ssu-cmalign --cm-name bacteria --dna --matchonly --mxsize 4096 --no-null3 --sub --ifile sso_aln/sso_aln.bacteria.ifile -o sso_aln/sso_aln.bacteria.stk /home/be68/anaconda3/share/ssu-align-0.1.1/ssu-align-0p1.cm sso_aln/sso_aln.bacteria.fa > sso_aln/sso_aln.bacteria.cmalign  2> sso_aln/ssutmp9erraa8568
Returned:       0
Output (STDOUT) saved in file sso_aln/sso_aln.bacteria.cmalign.
Output (STDERR): ***NONE***

About to remove file (sso_aln/ssutmp9erraa8568) with perl's unlink function ... done.

About to remove file (sso_aln/sso_aln.nomatch) with perl's unlink function ... done.

About to remove file (X90478.fasta.ssi) with perl's unlink function ... done.

Tue Dec 11 15:20:18 EST 2018
Linux william 4.4.0-97-generic #120-Ubuntu SMP Tue Sep 19 17:28:18 UTC 2017 x86_64 GNU/Linux
