# _ssu-align :: align SSU rRNA sequences
# SSU-ALIGN 0.1.1 (Feb 2016)
# Copyright (C) 2016 Howard Hughes Medical Institute
# Freely distributed under the BSD open source license.
# - - - - - - - - - - - - - - - - - - - - - - - - - - - - - - - - - - - -
# command: _ssu-align -b 50 --dna --rfonly ssu_aln/IsolateSeqs.fasta.1 ssu_aln/ssu_aln.1
# date:    Fri Apr 19 15:40:58 2019

Printing global hask key as read from ssu.pm:

Global hash key: DF_ALIMASK_PFRACT    value: 0.95
Global hash key: DF_ALIMASK_PTHRESH   value: 0.95
Global hash key: DF_CMALIGN_OPTS      value:  --no-null3 --sub 
Global hash key: DF_CMBUILD_GAPTHRESH value: 0.8
Global hash key: DF_CMSEARCH_ALG_FLAG value:  --viterbi
Global hash key: DF_CMSEARCH_OPTS     value:  --hmm-cW 1.5 --no-null3 --noalign 
Global hash key: DF_CMSEARCH_T        value: -1
Global hash key: DF_CM_FILE           value: /home/be68/anaconda3/share/ssu-align-0.1.1/ssu-align-0p1.cm
Global hash key: DF_MASK_FILE         value: /home/be68/anaconda3/share/ssu-align-0.1.1/ssu-align-0p1.mask
Global hash key: DF_MERGE_INIT_WAIT_SECS value: 3
Global hash key: DF_MINBIT            value: 50
Global hash key: DF_MINLEN            value: 1
Global hash key: DF_MXSIZE            value: 4096
Global hash key: DF_NO_NAME           value: <NONE>
Global hash key: DF_TEMPLATE_FILE     value: /home/be68/anaconda3/share/ssu-align-0.1.1/ssu-align-0p1.ps
Global hash key: VERSION              value: 0.1
Global hash key: VERSION_PSTR         value: 0p1
Global hash key: cmalign              value: ssu-cmalign
Global hash key: cmbuild              value: ssu-cmbuild
Global hash key: cmsearch             value: ssu-cmsearch
Global hash key: esl-alimanip         value: ssu-esl-alimanip
Global hash key: esl-alimask          value: ssu-esl-alimask
Global hash key: esl-alimerge         value: ssu-esl-alimerge
Global hash key: esl-alistat          value: ssu-esl-alistat
Global hash key: esl-reformat         value: ssu-esl-reformat
Global hash key: esl-seqstat          value: ssu-esl-seqstat
Global hash key: esl-sfetch           value: ssu-esl-sfetch
Global hash key: esl-ssdraw           value: ssu-esl-ssdraw
Global hash key: esl-weight           value: ssu-esl-weight
Global hash key: ps2pdf               value: ps2pdf
Global hash key: ssu-align            value: ssu-align
Global hash key: ssu-merge            value: ssu-merge

Executing:      ssu-esl-seqstat -h > /dev/null  2> ssu_aln/ssutmp0erraa50513
Returned:       0
Output (STDOUT) sent to /dev/null.
Output (STDERR): ***NONE***

About to remove file (ssu_aln/ssutmp0erraa50513) with perl's unlink function ... done.

Executing:      ssu-cmsearch -h > /dev/null  2> ssu_aln/ssutmp1erraa50513
Returned:       0
Output (STDOUT) sent to /dev/null.
Output (STDERR): ***NONE***

About to remove file (ssu_aln/ssutmp1erraa50513) with perl's unlink function ... done.

Executing:      ssu-esl-sfetch -h > /dev/null  2> ssu_aln/ssutmp2erraa50513
Returned:       0
Output (STDOUT) sent to /dev/null.
Output (STDERR): ***NONE***

About to remove file (ssu_aln/ssutmp2erraa50513) with perl's unlink function ... done.

Executing:      ssu-esl-reformat -h > /dev/null  2> ssu_aln/ssutmp3erraa50513
Returned:       0
Output (STDOUT) sent to /dev/null.
Output (STDERR): ***NONE***

About to remove file (ssu_aln/ssutmp3erraa50513) with perl's unlink function ... done.

Executing:      ssu-cmalign -h > /dev/null  2> ssu_aln/ssutmp4erraa50513
Returned:       0
Output (STDOUT) sent to /dev/null.
Output (STDERR): ***NONE***

About to remove file (ssu_aln/ssutmp4erraa50513) with perl's unlink function ... done.

Executing:      ssu-esl-seqstat --rna -a ssu_aln/IsolateSeqs.fasta.1 > ssu_aln/ssu_aln.1/ssu_aln.1.seqstat  2> ssu_aln/ssutmp5erraa50513
Returned:       0
Output (STDOUT) saved in file ssu_aln/ssu_aln.1/ssu_aln.1.seqstat.
Output (STDERR): ***NONE***

About to remove file (ssu_aln/ssutmp5erraa50513) with perl's unlink function ... done.

About to remove file (ssu_aln/ssu_aln.1/ssu_aln.1.seqstat) with perl's unlink function ... done.

Executing:      ssu-cmsearch --hmm-cW 1.5 --no-null3 --noalign -T -1 --tab ssu_aln/ssu_aln.1/ssu_aln.1.tab --viterbi /home/be68/anaconda3/share/ssu-align-0.1.1/ssu-align-0p1.cm ssu_aln/IsolateSeqs.fasta.1 > ssu_aln/ssu_aln.1/ssu_aln.1.cmsearch  2> ssu_aln/ssutmp6erraa50513
Returned:       0
Output (STDOUT) saved in file ssu_aln/ssu_aln.1/ssu_aln.1.cmsearch.
Output (STDERR): ***NONE***

About to remove file (ssu_aln/ssutmp6erraa50513) with perl's unlink function ... done.

About to remove file (ssu_aln/ssu_aln.1/ssu_aln.1.cmsearch) with perl's unlink function ... done.

Executing:      ssu-esl-sfetch --index ssu_aln/IsolateSeqs.fasta.1 > ssu_aln/ssutmp7outaa50513  2> ssu_aln/ssutmp7erraa50513
Returned:       0
Output (STDOUT): 
Creating SSI index for ssu_aln/IsolateSeqs.fasta.1...    done.
Indexed 55 sequences (55 names).
SSI index written to file ssu_aln/IsolateSeqs.fasta.1.ssi

Output (STDERR): ***NONE***

About to remove file (ssu_aln/ssutmp7outaa50513) with perl's unlink function ... done.

About to remove file (ssu_aln/ssutmp7erraa50513) with perl's unlink function ... done.

Executing:      ssu-esl-sfetch -Cf ssu_aln/IsolateSeqs.fasta.1 ssu_aln/ssu_aln.1/ssu_aln.1.bacteria.sfetch | ssu-esl-reformat -o ssu_aln/ssu_aln.1/ssu_aln.1.bacteria.fa --informat fasta -d fasta - > ssu_aln/ssutmp8outaa50513  2> ssu_aln/ssutmp8erraa50513
Returned:       0
Output (STDOUT): ***NONE***
Output (STDERR): ***NONE***

About to remove file (ssu_aln/ssutmp8outaa50513) with perl's unlink function ... done.

About to remove file (ssu_aln/ssutmp8erraa50513) with perl's unlink function ... done.

About to remove file (ssu_aln/ssu_aln.1/ssu_aln.1.bacteria.sfetch) with perl's unlink function ... done.

Executing:      ssu-cmalign --cm-name bacteria --dna --matchonly --mxsize 4096 --no-null3 --sub --ifile ssu_aln/ssu_aln.1/ssu_aln.1.bacteria.ifile -o ssu_aln/ssu_aln.1/ssu_aln.1.bacteria.stk /home/be68/anaconda3/share/ssu-align-0.1.1/ssu-align-0p1.cm ssu_aln/ssu_aln.1/ssu_aln.1.bacteria.fa > ssu_aln/ssu_aln.1/ssu_aln.1.bacteria.cmalign  2> ssu_aln/ssutmp9erraa50513
Returned:       0
Output (STDOUT) saved in file ssu_aln/ssu_aln.1/ssu_aln.1.bacteria.cmalign.
Output (STDERR): ***NONE***

About to remove file (ssu_aln/ssutmp9erraa50513) with perl's unlink function ... done.

About to remove file (ssu_aln/ssu_aln.1/ssu_aln.1.nomatch) with perl's unlink function ... done.

About to remove file (ssu_aln/IsolateSeqs.fasta.1.ssi) with perl's unlink function ... done.

Fri Apr 19 15:42:19 EDT 2019
Linux william 4.4.0-97-generic #120-Ubuntu SMP Tue Sep 19 17:28:18 UTC 2017 x86_64 GNU/Linux
# _ssu-align :: align SSU rRNA sequences
# SSU-ALIGN 0.1.1 (Feb 2016)
# Copyright (C) 2016 Howard Hughes Medical Institute
# Freely distributed under the BSD open source license.
# - - - - - - - - - - - - - - - - - - - - - - - - - - - - - - - - - - - -
# command: _ssu-align -b 50 --dna --rfonly ssu_aln/IsolateSeqs.fasta.2 ssu_aln/ssu_aln.2
# date:    Fri Apr 19 15:40:58 2019

Printing global hask key as read from ssu.pm:

Global hash key: DF_ALIMASK_PFRACT    value: 0.95
Global hash key: DF_ALIMASK_PTHRESH   value: 0.95
Global hash key: DF_CMALIGN_OPTS      value:  --no-null3 --sub 
Global hash key: DF_CMBUILD_GAPTHRESH value: 0.8
Global hash key: DF_CMSEARCH_ALG_FLAG value:  --viterbi
Global hash key: DF_CMSEARCH_OPTS     value:  --hmm-cW 1.5 --no-null3 --noalign 
Global hash key: DF_CMSEARCH_T        value: -1
Global hash key: DF_CM_FILE           value: /home/be68/anaconda3/share/ssu-align-0.1.1/ssu-align-0p1.cm
Global hash key: DF_MASK_FILE         value: /home/be68/anaconda3/share/ssu-align-0.1.1/ssu-align-0p1.mask
Global hash key: DF_MERGE_INIT_WAIT_SECS value: 3
Global hash key: DF_MINBIT            value: 50
Global hash key: DF_MINLEN            value: 1
Global hash key: DF_MXSIZE            value: 4096
Global hash key: DF_NO_NAME           value: <NONE>
Global hash key: DF_TEMPLATE_FILE     value: /home/be68/anaconda3/share/ssu-align-0.1.1/ssu-align-0p1.ps
Global hash key: VERSION              value: 0.1
Global hash key: VERSION_PSTR         value: 0p1
Global hash key: cmalign              value: ssu-cmalign
Global hash key: cmbuild              value: ssu-cmbuild
Global hash key: cmsearch             value: ssu-cmsearch
Global hash key: esl-alimanip         value: ssu-esl-alimanip
Global hash key: esl-alimask          value: ssu-esl-alimask
Global hash key: esl-alimerge         value: ssu-esl-alimerge
Global hash key: esl-alistat          value: ssu-esl-alistat
Global hash key: esl-reformat         value: ssu-esl-reformat
Global hash key: esl-seqstat          value: ssu-esl-seqstat
Global hash key: esl-sfetch           value: ssu-esl-sfetch
Global hash key: esl-ssdraw           value: ssu-esl-ssdraw
Global hash key: esl-weight           value: ssu-esl-weight
Global hash key: ps2pdf               value: ps2pdf
Global hash key: ssu-align            value: ssu-align
Global hash key: ssu-merge            value: ssu-merge

Executing:      ssu-esl-seqstat -h > /dev/null  2> ssu_aln/ssutmp0erraa50514
Returned:       0
Output (STDOUT) sent to /dev/null.
Output (STDERR): ***NONE***

About to remove file (ssu_aln/ssutmp0erraa50514) with perl's unlink function ... done.

Executing:      ssu-cmsearch -h > /dev/null  2> ssu_aln/ssutmp1erraa50514
Returned:       0
Output (STDOUT) sent to /dev/null.
Output (STDERR): ***NONE***

About to remove file (ssu_aln/ssutmp1erraa50514) with perl's unlink function ... done.

Executing:      ssu-esl-sfetch -h > /dev/null  2> ssu_aln/ssutmp2erraa50514
Returned:       0
Output (STDOUT) sent to /dev/null.
Output (STDERR): ***NONE***

About to remove file (ssu_aln/ssutmp2erraa50514) with perl's unlink function ... done.

Executing:      ssu-esl-reformat -h > /dev/null  2> ssu_aln/ssutmp3erraa50514
Returned:       0
Output (STDOUT) sent to /dev/null.
Output (STDERR): ***NONE***

About to remove file (ssu_aln/ssutmp3erraa50514) with perl's unlink function ... done.

Executing:      ssu-cmalign -h > /dev/null  2> ssu_aln/ssutmp4erraa50514
Returned:       0
Output (STDOUT) sent to /dev/null.
Output (STDERR): ***NONE***

About to remove file (ssu_aln/ssutmp4erraa50514) with perl's unlink function ... done.

Executing:      ssu-esl-seqstat --rna -a ssu_aln/IsolateSeqs.fasta.2 > ssu_aln/ssu_aln.2/ssu_aln.2.seqstat  2> ssu_aln/ssutmp5erraa50514
Returned:       0
Output (STDOUT) saved in file ssu_aln/ssu_aln.2/ssu_aln.2.seqstat.
Output (STDERR): ***NONE***

About to remove file (ssu_aln/ssutmp5erraa50514) with perl's unlink function ... done.

About to remove file (ssu_aln/ssu_aln.2/ssu_aln.2.seqstat) with perl's unlink function ... done.

Executing:      ssu-cmsearch --hmm-cW 1.5 --no-null3 --noalign -T -1 --tab ssu_aln/ssu_aln.2/ssu_aln.2.tab --viterbi /home/be68/anaconda3/share/ssu-align-0.1.1/ssu-align-0p1.cm ssu_aln/IsolateSeqs.fasta.2 > ssu_aln/ssu_aln.2/ssu_aln.2.cmsearch  2> ssu_aln/ssutmp6erraa50514
Returned:       0
Output (STDOUT) saved in file ssu_aln/ssu_aln.2/ssu_aln.2.cmsearch.
Output (STDERR): ***NONE***

About to remove file (ssu_aln/ssutmp6erraa50514) with perl's unlink function ... done.

About to remove file (ssu_aln/ssu_aln.2/ssu_aln.2.cmsearch) with perl's unlink function ... done.

Executing:      ssu-esl-sfetch --index ssu_aln/IsolateSeqs.fasta.2 > ssu_aln/ssutmp7outaa50514  2> ssu_aln/ssutmp7erraa50514
Returned:       0
Output (STDOUT): 
Creating SSI index for ssu_aln/IsolateSeqs.fasta.2...    done.
Indexed 56 sequences (56 names).
SSI index written to file ssu_aln/IsolateSeqs.fasta.2.ssi

Output (STDERR): ***NONE***

About to remove file (ssu_aln/ssutmp7outaa50514) with perl's unlink function ... done.

About to remove file (ssu_aln/ssutmp7erraa50514) with perl's unlink function ... done.

Executing:      ssu-esl-sfetch -Cf ssu_aln/IsolateSeqs.fasta.2 ssu_aln/ssu_aln.2/ssu_aln.2.bacteria.sfetch | ssu-esl-reformat -o ssu_aln/ssu_aln.2/ssu_aln.2.bacteria.fa --informat fasta -d fasta - > ssu_aln/ssutmp8outaa50514  2> ssu_aln/ssutmp8erraa50514
Returned:       0
Output (STDOUT): ***NONE***
Output (STDERR): ***NONE***

About to remove file (ssu_aln/ssutmp8outaa50514) with perl's unlink function ... done.

About to remove file (ssu_aln/ssutmp8erraa50514) with perl's unlink function ... done.

About to remove file (ssu_aln/ssu_aln.2/ssu_aln.2.bacteria.sfetch) with perl's unlink function ... done.

Executing:      ssu-cmalign --cm-name bacteria --dna --matchonly --mxsize 4096 --no-null3 --sub --ifile ssu_aln/ssu_aln.2/ssu_aln.2.bacteria.ifile -o ssu_aln/ssu_aln.2/ssu_aln.2.bacteria.stk /home/be68/anaconda3/share/ssu-align-0.1.1/ssu-align-0p1.cm ssu_aln/ssu_aln.2/ssu_aln.2.bacteria.fa > ssu_aln/ssu_aln.2/ssu_aln.2.bacteria.cmalign  2> ssu_aln/ssutmp9erraa50514
Returned:       0
Output (STDOUT) saved in file ssu_aln/ssu_aln.2/ssu_aln.2.bacteria.cmalign.
Output (STDERR): ***NONE***

About to remove file (ssu_aln/ssutmp9erraa50514) with perl's unlink function ... done.

About to remove file (ssu_aln/ssu_aln.2/ssu_aln.2.nomatch) with perl's unlink function ... done.

About to remove file (ssu_aln/IsolateSeqs.fasta.2.ssi) with perl's unlink function ... done.

Fri Apr 19 15:42:19 EDT 2019
Linux william 4.4.0-97-generic #120-Ubuntu SMP Tue Sep 19 17:28:18 UTC 2017 x86_64 GNU/Linux
# _ssu-align :: align SSU rRNA sequences
# SSU-ALIGN 0.1.1 (Feb 2016)
# Copyright (C) 2016 Howard Hughes Medical Institute
# Freely distributed under the BSD open source license.
# - - - - - - - - - - - - - - - - - - - - - - - - - - - - - - - - - - - -
# command: _ssu-align --merge 3 -b 50 --dna --rfonly ssu_aln/IsolateSeqs.fasta.3 ssu_aln/ssu_aln.3
# date:    Fri Apr 19 15:40:58 2019

Printing global hask key as read from ssu.pm:

Global hash key: DF_ALIMASK_PFRACT    value: 0.95
Global hash key: DF_ALIMASK_PTHRESH   value: 0.95
Global hash key: DF_CMALIGN_OPTS      value:  --no-null3 --sub 
Global hash key: DF_CMBUILD_GAPTHRESH value: 0.8
Global hash key: DF_CMSEARCH_ALG_FLAG value:  --viterbi
Global hash key: DF_CMSEARCH_OPTS     value:  --hmm-cW 1.5 --no-null3 --noalign 
Global hash key: DF_CMSEARCH_T        value: -1
Global hash key: DF_CM_FILE           value: /home/be68/anaconda3/share/ssu-align-0.1.1/ssu-align-0p1.cm
Global hash key: DF_MASK_FILE         value: /home/be68/anaconda3/share/ssu-align-0.1.1/ssu-align-0p1.mask
Global hash key: DF_MERGE_INIT_WAIT_SECS value: 3
Global hash key: DF_MINBIT            value: 50
Global hash key: DF_MINLEN            value: 1
Global hash key: DF_MXSIZE            value: 4096
Global hash key: DF_NO_NAME           value: <NONE>
Global hash key: DF_TEMPLATE_FILE     value: /home/be68/anaconda3/share/ssu-align-0.1.1/ssu-align-0p1.ps
Global hash key: VERSION              value: 0.1
Global hash key: VERSION_PSTR         value: 0p1
Global hash key: cmalign              value: ssu-cmalign
Global hash key: cmbuild              value: ssu-cmbuild
Global hash key: cmsearch             value: ssu-cmsearch
Global hash key: esl-alimanip         value: ssu-esl-alimanip
Global hash key: esl-alimask          value: ssu-esl-alimask
Global hash key: esl-alimerge         value: ssu-esl-alimerge
Global hash key: esl-alistat          value: ssu-esl-alistat
Global hash key: esl-reformat         value: ssu-esl-reformat
Global hash key: esl-seqstat          value: ssu-esl-seqstat
Global hash key: esl-sfetch           value: ssu-esl-sfetch
Global hash key: esl-ssdraw           value: ssu-esl-ssdraw
Global hash key: esl-weight           value: ssu-esl-weight
Global hash key: ps2pdf               value: ps2pdf
Global hash key: ssu-align            value: ssu-align
Global hash key: ssu-merge            value: ssu-merge

Executing:      ssu-esl-seqstat -h > /dev/null  2> ssu_aln/ssutmp0erraa50515
Returned:       0
Output (STDOUT) sent to /dev/null.
Output (STDERR): ***NONE***

About to remove file (ssu_aln/ssutmp0erraa50515) with perl's unlink function ... done.

Executing:      ssu-cmsearch -h > /dev/null  2> ssu_aln/ssutmp1erraa50515
Returned:       0
Output (STDOUT) sent to /dev/null.
Output (STDERR): ***NONE***

About to remove file (ssu_aln/ssutmp1erraa50515) with perl's unlink function ... done.

Executing:      ssu-esl-sfetch -h > /dev/null  2> ssu_aln/ssutmp2erraa50515
Returned:       0
Output (STDOUT) sent to /dev/null.
Output (STDERR): ***NONE***

About to remove file (ssu_aln/ssutmp2erraa50515) with perl's unlink function ... done.

Executing:      ssu-esl-reformat -h > /dev/null  2> ssu_aln/ssutmp3erraa50515
Returned:       0
Output (STDOUT) sent to /dev/null.
Output (STDERR): ***NONE***

About to remove file (ssu_aln/ssutmp3erraa50515) with perl's unlink function ... done.

Executing:      ssu-cmalign -h > /dev/null  2> ssu_aln/ssutmp4erraa50515
Returned:       0
Output (STDOUT) sent to /dev/null.
Output (STDERR): ***NONE***

About to remove file (ssu_aln/ssutmp4erraa50515) with perl's unlink function ... done.

Executing:      ssu-merge -h > /dev/null  2> ssu_aln/ssutmp5erraa50515
Returned:       0
Output (STDOUT) sent to /dev/null.
Output (STDERR): ***NONE***

About to remove file (ssu_aln/ssutmp5erraa50515) with perl's unlink function ... done.

Executing:      ssu-esl-seqstat --rna -a ssu_aln/IsolateSeqs.fasta.3 > ssu_aln/ssu_aln.3/ssu_aln.3.seqstat  2> ssu_aln/ssutmp6erraa50515
Returned:       0
Output (STDOUT) saved in file ssu_aln/ssu_aln.3/ssu_aln.3.seqstat.
Output (STDERR): ***NONE***

About to remove file (ssu_aln/ssutmp6erraa50515) with perl's unlink function ... done.

About to remove file (ssu_aln/ssu_aln.3/ssu_aln.3.seqstat) with perl's unlink function ... done.

Executing:      ssu-cmsearch --hmm-cW 1.5 --no-null3 --noalign -T -1 --tab ssu_aln/ssu_aln.3/ssu_aln.3.tab --viterbi /home/be68/anaconda3/share/ssu-align-0.1.1/ssu-align-0p1.cm ssu_aln/IsolateSeqs.fasta.3 > ssu_aln/ssu_aln.3/ssu_aln.3.cmsearch  2> ssu_aln/ssutmp7erraa50515
Returned:       0
Output (STDOUT) saved in file ssu_aln/ssu_aln.3/ssu_aln.3.cmsearch.
Output (STDERR): ***NONE***

About to remove file (ssu_aln/ssutmp7erraa50515) with perl's unlink function ... done.

About to remove file (ssu_aln/ssu_aln.3/ssu_aln.3.cmsearch) with perl's unlink function ... done.

Executing:      ssu-esl-sfetch --index ssu_aln/IsolateSeqs.fasta.3 > ssu_aln/ssutmp8outaa50515  2> ssu_aln/ssutmp8erraa50515
Returned:       0
Output (STDOUT): 
Creating SSI index for ssu_aln/IsolateSeqs.fasta.3...    done.
Indexed 54 sequences (54 names).
SSI index written to file ssu_aln/IsolateSeqs.fasta.3.ssi

Output (STDERR): ***NONE***

About to remove file (ssu_aln/ssutmp8outaa50515) with perl's unlink function ... done.

About to remove file (ssu_aln/ssutmp8erraa50515) with perl's unlink function ... done.

Executing:      ssu-esl-sfetch -Cf ssu_aln/IsolateSeqs.fasta.3 ssu_aln/ssu_aln.3/ssu_aln.3.bacteria.sfetch | ssu-esl-reformat -o ssu_aln/ssu_aln.3/ssu_aln.3.bacteria.fa --informat fasta -d fasta - > ssu_aln/ssutmp9outaa50515  2> ssu_aln/ssutmp9erraa50515
Returned:       0
Output (STDOUT): ***NONE***
Output (STDERR): ***NONE***

About to remove file (ssu_aln/ssutmp9outaa50515) with perl's unlink function ... done.

About to remove file (ssu_aln/ssutmp9erraa50515) with perl's unlink function ... done.

About to remove file (ssu_aln/ssu_aln.3/ssu_aln.3.bacteria.sfetch) with perl's unlink function ... done.

Executing:      ssu-cmalign --cm-name bacteria --dna --matchonly --mxsize 4096 --no-null3 --sub --ifile ssu_aln/ssu_aln.3/ssu_aln.3.bacteria.ifile -o ssu_aln/ssu_aln.3/ssu_aln.3.bacteria.stk /home/be68/anaconda3/share/ssu-align-0.1.1/ssu-align-0p1.cm ssu_aln/ssu_aln.3/ssu_aln.3.bacteria.fa > ssu_aln/ssu_aln.3/ssu_aln.3.bacteria.cmalign  2> ssu_aln/ssutmp10erraa50515
Returned:       0
Output (STDOUT) saved in file ssu_aln/ssu_aln.3/ssu_aln.3.bacteria.cmalign.
Output (STDERR): ***NONE***

About to remove file (ssu_aln/ssutmp10erraa50515) with perl's unlink function ... done.

About to remove file (ssu_aln/ssu_aln.3/ssu_aln.3.nomatch) with perl's unlink function ... done.

About to remove file (ssu_aln/IsolateSeqs.fasta.3.ssi) with perl's unlink function ... done.

Fri Apr 19 15:42:16 EDT 2019
Linux william 4.4.0-97-generic #120-Ubuntu SMP Tue Sep 19 17:28:18 UTC 2017 x86_64 GNU/Linux
################################################################################
#
# Alignments successfully created.
#
# Checking/waiting for other jobs to finish before merging...
#
# Alignments successfully created.
#
# Checking/waiting for other jobs to finish before merging...
#
# Job 3 (dir: ssu_aln/ssu_aln.3) completed successfully! 2/3 still incomplete.
# Job 1 (dir: ssu_aln/ssu_aln.1) completed successfully! 1/3 still incomplete.
# Job 2 (dir: ssu_aln/ssu_aln.2) completed successfully! 0/3 still incomplete.
#
# All 3 jobs successfully completed.
# About to merge their output:
#
# Executing:  ssu-merge ssu_aln
#
################################################################################
#
